<?xml version="1.0" encoding="UTF-8"?>
<!-- Generated by org.testng.reporters.JUnitReportReporter -->
<testsuite hostname="LAPTOP-9IST9IBH" failures="0" tests="3" name="lab.ManageDemandTest" time="0.033" errors="0" timestamp="2022-04-01T22:32:08 COT" skipped="0">
  <testcase classname="lab.ManageDemandTest" name="test_AllOrdersFromPeru" time="0.007"/>
  <testcase classname="lab.ManageDemandTest" name="test_AllOrdersFromColombia" time="0.026"/>
  <testcase classname="lab.ManageDemandTest" name="test_AllOrdersFromOtherCountries" time="0.000"/>
</testsuite> <!-- lab.ManageDemandTest -->
