<?xml version="1.0" encoding="UTF-8"?>
<!-- Generated by org.testng.reporters.JUnitReportReporter -->
<testsuite hostname="LAPTOP-9IST9IBH" failures="0" tests="1" name="lab.MainTest" time="0.272" errors="0" timestamp="2022-04-01T22:59:53 COT" skipped="0">
  <testcase classname="lab.MainTest" name="test_Main" time="0.272"/>
</testsuite> <!-- lab.MainTest -->
