<?xml version="1.0" encoding="UTF-8"?>
<!-- Generated by org.testng.reporters.JUnitReportReporter -->
<testsuite hostname="LAPTOP-9IST9IBH" failures="0" tests="3" name="lab.ManageDemandTest" time="0.008" errors="0" timestamp="2022-04-01T21:32:46 COT" skipped="0">
  <testcase classname="lab.ManageDemandTest" name="test_AllOrdersFromPeru" time="0.000"/>
  <testcase classname="lab.ManageDemandTest" name="test_AllOrdersFromOtherCountries" time="0.001"/>
  <testcase classname="lab.ManageDemandTest" name="test_AllOrdersFromColombia" time="0.007"/>
</testsuite> <!-- lab.ManageDemandTest -->
