<?xml version="1.0" encoding="UTF-8"?>
<!-- Generated by org.testng.reporters.JUnitReportReporter -->
<testsuite hostname="LAPTOP-9IST9IBH" failures="0" tests="1" name="lab.OrderTest" time="0.000" errors="0" timestamp="2022-04-01T23:02:40 COT" skipped="0">
  <testcase classname="lab.OrderTest" name="test_Order" time="0.000"/>
</testsuite> <!-- lab.OrderTest -->
